 THREAD ID:          670  - SUM:    516.492737    
 THREAD ID:          492  - SUM:    491.641327    
 THREAD ID:          404  - SUM:    498.723602    
 THREAD ID:          150  - SUM:    502.448242    
 THREAD ID:          172  - SUM:    494.064484    
 THREAD ID:          922  - SUM:    510.542358    
 THREAD ID:          813  - SUM:    505.057098    
 THREAD ID:          179  - SUM:    509.725372    
 THREAD ID:          386  - SUM:    498.476746    
 THREAD ID:          553  - SUM:    498.102722    
 THREAD ID:          685  - SUM:    515.391479    
 THREAD ID:          297  - SUM:    519.652039    
 THREAD ID:           79  - SUM:    493.005646    
 THREAD ID:          760  - SUM:    491.329224    
 THREAD ID:          527  - SUM:    489.546722    
 THREAD ID:          854  - SUM:    507.863861    
 THREAD ID:          201  - SUM:    514.656250    
 THREAD ID:          188  - SUM:    501.126740    
 THREAD ID:          346  - SUM:    512.511780    
 THREAD ID:          317  - SUM:    498.970367    
 THREAD ID:          950  - SUM:    506.114410    
 THREAD ID:          788  - SUM:    502.627075    
 THREAD ID:          348  - SUM:    485.267242    
 THREAD ID:          213  - SUM:    476.322937    
 THREAD ID:           78  - SUM:    489.218811    
 THREAD ID:          215  - SUM:    496.792877    
 THREAD ID:          214  - SUM:    490.908813    
 THREAD ID:          829  - SUM:    494.716217    
 THREAD ID:          691  - SUM:    509.959717    
 THREAD ID:          967  - SUM:    513.245178    
 THREAD ID:          802  - SUM:    496.178101    
 THREAD ID:          253  - SUM:    495.973389    
 THREAD ID:          786  - SUM:    491.123047    
 THREAD ID:          152  - SUM:    483.765961    
 THREAD ID:          383  - SUM:    496.059753    
 THREAD ID:          568  - SUM:    485.726471    
 THREAD ID:          608  - SUM:    487.366547    
 THREAD ID:           37  - SUM:    495.529022    
 THREAD ID:          467  - SUM:    487.199921    
 THREAD ID:          993  - SUM:    496.301453    
 THREAD ID:          680  - SUM:    495.723328    
 THREAD ID:          648  - SUM:    497.120758    
 THREAD ID:          300  - SUM:    519.587097    
 THREAD ID:          575  - SUM:    501.875824    
 THREAD ID:           94  - SUM:    503.185333    
 THREAD ID:          176  - SUM:    507.067230    
 THREAD ID:           51  - SUM:    496.518463    
 THREAD ID:          413  - SUM:    491.778137    
 THREAD ID:          736  - SUM:    491.629944    
 THREAD ID:          319  - SUM:    485.402008    
 THREAD ID:          597  - SUM:    504.344025    
 THREAD ID:           31  - SUM:    521.774292    
 THREAD ID:           24  - SUM:    504.585968    
 THREAD ID:          948  - SUM:    480.273346    
 THREAD ID:          347  - SUM:    487.587189    
 THREAD ID:          190  - SUM:    504.596344    
 THREAD ID:           28  - SUM:    478.444733    
 THREAD ID:          223  - SUM:    496.499268    
 THREAD ID:          226  - SUM:    496.145020    
 THREAD ID:          803  - SUM:    501.625031    
 THREAD ID:          420  - SUM:    493.344818    
 THREAD ID:          767  - SUM:    500.002533    
 THREAD ID:            6  - SUM:    501.749695    
 THREAD ID:          997  - SUM:    515.017029    
 THREAD ID:          917  - SUM:    503.541260    
 THREAD ID:          594  - SUM:    498.165344    
 THREAD ID:          809  - SUM:    490.585938    
 THREAD ID:          171  - SUM:    503.503510    
 THREAD ID:          367  - SUM:    509.359283    
 THREAD ID:          737  - SUM:    499.928406    
 THREAD ID:          212  - SUM:    494.883148    
 THREAD ID:          875  - SUM:    500.309540    
 THREAD ID:          477  - SUM:    517.428955    
 THREAD ID:          137  - SUM:    499.670441    
 THREAD ID:          284  - SUM:    511.862762    
 THREAD ID:          634  - SUM:    497.678986    
 THREAD ID:          448  - SUM:    513.423584    
 THREAD ID:          496  - SUM:    513.324585    
 THREAD ID:          501  - SUM:    507.460724    
 THREAD ID:          785  - SUM:    497.318970    
 THREAD ID:          658  - SUM:    508.756348    
 THREAD ID:           35  - SUM:    495.486664    
 THREAD ID:          303  - SUM:    497.133087    
 THREAD ID:          998  - SUM:    500.945526    
 THREAD ID:          356  - SUM:    495.858887    
 THREAD ID:          676  - SUM:    491.937592    
 THREAD ID:         1008  - SUM:    509.847321    
 THREAD ID:          842  - SUM:    508.685303    
 THREAD ID:          450  - SUM:    511.387634    
 THREAD ID:          146  - SUM:    485.463165    
 THREAD ID:          781  - SUM:    498.365265    
 THREAD ID:           66  - SUM:    494.231628    
 THREAD ID:          318  - SUM:    510.001709    
 THREAD ID:          888  - SUM:    510.452423    
 THREAD ID:          771  - SUM:    502.289978    
 THREAD ID:          441  - SUM:    497.856934    
 THREAD ID:          485  - SUM:    479.561218    
 THREAD ID:          186  - SUM:    489.954163    
 THREAD ID:          892  - SUM:    494.337402    
 THREAD ID:         1007  - SUM:    503.788239    
 THREAD ID:          793  - SUM:    492.051758    
 THREAD ID:          554  - SUM:    501.586334    
 THREAD ID:          952  - SUM:    504.755646    
 THREAD ID:            8  - SUM:    497.031372    
 THREAD ID:           36  - SUM:    508.611115    
 THREAD ID:          265  - SUM:    510.725159    
 THREAD ID:          139  - SUM:    492.048920    
 THREAD ID:          622  - SUM:    501.452576    
 THREAD ID:          970  - SUM:    502.214081    
 THREAD ID:          546  - SUM:    501.697510    
 THREAD ID:         1022  - SUM:    506.612762    
 THREAD ID:         1018  - SUM:    496.217773    
 THREAD ID:          298  - SUM:    500.006317    
 THREAD ID:          429  - SUM:    513.023193    
 THREAD ID:          372  - SUM:    500.305298    
 THREAD ID:          971  - SUM:    489.457886    
 THREAD ID:         1014  - SUM:    504.296509    
 THREAD ID:          694  - SUM:    479.524506    
 THREAD ID:          939  - SUM:    492.725952    
 THREAD ID:          295  - SUM:    498.973541    
 THREAD ID:          732  - SUM:    480.624939    
 THREAD ID:          328  - SUM:    501.191986    
 THREAD ID:          914  - SUM:    504.058746    
 THREAD ID:          401  - SUM:    504.677765    
 THREAD ID:          964  - SUM:    512.102539    
 THREAD ID:          999  - SUM:    506.243561    
 THREAD ID:          479  - SUM:    505.479736    
 THREAD ID:          959  - SUM:    493.004700    
 THREAD ID:          345  - SUM:    495.738251    
 THREAD ID:          422  - SUM:    504.760406    
 THREAD ID:            3  - SUM:    497.378418    
 THREAD ID:          852  - SUM:    504.107941    
 THREAD ID:          377  - SUM:    508.070038    
 THREAD ID:          432  - SUM:    500.403076    
 THREAD ID:          877  - SUM:    507.861053    
 THREAD ID:          136  - SUM:    493.228790    
 THREAD ID:           19  - SUM:    494.911652    
 THREAD ID:          714  - SUM:    510.981171    
 THREAD ID:          558  - SUM:    499.037140    
 THREAD ID:          116  - SUM:    506.867462    
 THREAD ID:           80  - SUM:    512.986511    
 THREAD ID:          362  - SUM:    501.159363    
 THREAD ID:            1  - SUM:    512.006226    
 THREAD ID:          470  - SUM:    494.042053    
 THREAD ID:          119  - SUM:    495.163239    
 THREAD ID:          761  - SUM:    488.169861    
 THREAD ID:          279  - SUM:    501.345184    
 THREAD ID:          588  - SUM:    482.383270    
 THREAD ID:          512  - SUM:    495.161652    
 THREAD ID:          469  - SUM:    499.101532    
 THREAD ID:          123  - SUM:    499.594757    
 THREAD ID:            7  - SUM:    502.504486    
 THREAD ID:          673  - SUM:    498.528625    
 THREAD ID:          660  - SUM:    500.742218    
 THREAD ID:          911  - SUM:    510.193573    
 THREAD ID:          293  - SUM:    498.109680    
 THREAD ID:          690  - SUM:    500.872742    
 THREAD ID:          115  - SUM:    486.238037    
 THREAD ID:           23  - SUM:    493.891022    
 THREAD ID:          423  - SUM:    505.489227    
 THREAD ID:          534  - SUM:    504.212677    
 THREAD ID:          884  - SUM:    500.917908    
 THREAD ID:          728  - SUM:    495.746063    
 THREAD ID:           41  - SUM:    504.362579    
 THREAD ID:          821  - SUM:    507.007324    
 THREAD ID:          411  - SUM:    491.744049    
 THREAD ID:          350  - SUM:    501.962189    
 THREAD ID:           22  - SUM:    499.948517    
 THREAD ID:          240  - SUM:    503.296936    
 THREAD ID:          457  - SUM:    500.732422    
 THREAD ID:           67  - SUM:    488.041687    
 THREAD ID:          471  - SUM:    498.379852    
 THREAD ID:          125  - SUM:    511.943542    
 THREAD ID:          933  - SUM:    500.489899    
 THREAD ID:          924  - SUM:    505.077698    
 THREAD ID:          464  - SUM:    502.877045    
 THREAD ID:          444  - SUM:    477.509918    
 THREAD ID:          862  - SUM:    501.828918    
 THREAD ID:          827  - SUM:    493.974304    
 THREAD ID:          224  - SUM:    506.315948    
 THREAD ID:          426  - SUM:    489.870514    
 THREAD ID:          498  - SUM:    512.768005    
 THREAD ID:          787  - SUM:    503.900940    
 THREAD ID:          211  - SUM:    499.999023    
 THREAD ID:          462  - SUM:    497.874756    
 THREAD ID:          644  - SUM:    512.732788    
 THREAD ID:          368  - SUM:    511.427460    
 THREAD ID:           25  - SUM:    519.057739    
 THREAD ID:          578  - SUM:    494.808533    
 THREAD ID:          697  - SUM:    507.132202    
 THREAD ID:          668  - SUM:    487.982452    
 THREAD ID:          392  - SUM:    506.586548    
 THREAD ID:           15  - SUM:    498.924072    
 THREAD ID:          880  - SUM:    486.304718    
 THREAD ID:          669  - SUM:    499.598480    
 THREAD ID:          931  - SUM:    506.000610    
 THREAD ID:          777  - SUM:    506.375977    
 THREAD ID:          160  - SUM:    502.587006    
 THREAD ID:          589  - SUM:    492.855499    
 THREAD ID:          237  - SUM:    468.130524    
 THREAD ID:          858  - SUM:    498.720978    
 THREAD ID:          758  - SUM:    512.005798    
 THREAD ID:          220  - SUM:    506.039154    
 THREAD ID:          151  - SUM:    515.970276    
 THREAD ID:          169  - SUM:    507.196930    
 THREAD ID:          774  - SUM:    501.007477    
 THREAD ID:          541  - SUM:    488.311279    
 THREAD ID:          524  - SUM:    507.321533    
 THREAD ID:          249  - SUM:    505.331146    
 THREAD ID:          425  - SUM:    505.941040    
 THREAD ID:           62  - SUM:    502.563660    
 THREAD ID:          337  - SUM:    508.687500    
 THREAD ID:          326  - SUM:    511.228729    
 THREAD ID:          631  - SUM:    505.863281    
 THREAD ID:          755  - SUM:    494.225098    
 THREAD ID:          872  - SUM:    503.711761    
 THREAD ID:          629  - SUM:    505.147430    
 THREAD ID:          665  - SUM:    487.624054    
 THREAD ID:          721  - SUM:    495.313232    
 THREAD ID:         1016  - SUM:    487.834320    
 THREAD ID:          118  - SUM:    510.094543    
 THREAD ID:           64  - SUM:    512.419434    
 THREAD ID:          664  - SUM:    501.688171    
 THREAD ID:           65  - SUM:    498.082642    
 THREAD ID:           44  - SUM:    499.289886    
 THREAD ID:          687  - SUM:    493.951202    
 THREAD ID:          535  - SUM:    490.693207    
 THREAD ID:          611  - SUM:    501.781525    
 THREAD ID:          523  - SUM:    501.132141    
 THREAD ID:          371  - SUM:    510.865509    
 THREAD ID:          555  - SUM:    497.113068    
 THREAD ID:          724  - SUM:    508.444275    
 THREAD ID:          275  - SUM:    480.883118    
 THREAD ID:          472  - SUM:    498.568359    
 THREAD ID:          405  - SUM:    507.879486    
 THREAD ID:          995  - SUM:    499.108643    
 THREAD ID:         1013  - SUM:    496.598358    
 THREAD ID:          727  - SUM:    507.359863    
 THREAD ID:           53  - SUM:    487.078796    
 THREAD ID:          256  - SUM:    492.648102    
 THREAD ID:          647  - SUM:    512.483215    
 THREAD ID:          871  - SUM:    502.175781    
 THREAD ID:           57  - SUM:    491.005737    
 THREAD ID:          495  - SUM:    488.012695    
 THREAD ID:          200  - SUM:    484.923248    
 THREAD ID:          840  - SUM:    500.326080    
 THREAD ID:          185  - SUM:    523.104187    
 THREAD ID:          109  - SUM:    498.962097    
 THREAD ID:           95  - SUM:    516.489197    
 THREAD ID:          619  - SUM:    497.002716    
 THREAD ID:          170  - SUM:    508.561340    
 THREAD ID:          518  - SUM:    491.583008    
 THREAD ID:           96  - SUM:    496.430603    
 THREAD ID:          529  - SUM:    495.519043    
 THREAD ID:          208  - SUM:    514.445557    
 THREAD ID:           97  - SUM:    496.091370    
 THREAD ID:          228  - SUM:    493.386414    
 THREAD ID:          180  - SUM:    498.224304    
 THREAD ID:          250  - SUM:    505.690704    
 THREAD ID:          336  - SUM:    502.248474    
 THREAD ID:          354  - SUM:    492.721100    
 THREAD ID:          114  - SUM:    491.641632    
 THREAD ID:           26  - SUM:    510.977325    
 THREAD ID:          500  - SUM:    504.129120    
 THREAD ID:          937  - SUM:    504.083923    
 THREAD ID:          938  - SUM:    501.062225    
 THREAD ID:          641  - SUM:    491.770508    
 THREAD ID:          162  - SUM:    486.277313    
 THREAD ID:          812  - SUM:    495.776978    
 THREAD ID:          530  - SUM:    498.384369    
 THREAD ID:           81  - SUM:    506.855042    
 THREAD ID:          988  - SUM:    504.625458    
 THREAD ID:           85  - SUM:    498.147430    
 THREAD ID:           30  - SUM:    495.614929    
 THREAD ID:          198  - SUM:    507.236755    
 THREAD ID:           42  - SUM:    502.571503    
 THREAD ID:          339  - SUM:    496.733673    
 THREAD ID:          656  - SUM:    506.372345    
 THREAD ID:          259  - SUM:    494.115265    
 THREAD ID:          987  - SUM:    496.942932    
 THREAD ID:          590  - SUM:    505.496796    
 THREAD ID:           17  - SUM:    497.571167    
 THREAD ID:          563  - SUM:    497.448792    
 THREAD ID:          474  - SUM:    491.334259    
 THREAD ID:          358  - SUM:    491.145233    
 THREAD ID:          556  - SUM:    499.945221    
 THREAD ID:           63  - SUM:    509.378510    
 THREAD ID:           40  - SUM:    481.549438    
 THREAD ID:          700  - SUM:    489.503357    
 THREAD ID:          312  - SUM:    510.395905    
 THREAD ID:          456  - SUM:    504.600372    
 THREAD ID:          974  - SUM:    506.945923    
 THREAD ID:          540  - SUM:    502.289246    
 THREAD ID:          790  - SUM:    511.878235    
 THREAD ID:          542  - SUM:    498.114288    
 THREAD ID:          135  - SUM:    505.367950    
 THREAD ID:          269  - SUM:    525.057007    
 THREAD ID:           93  - SUM:    503.346283    
 THREAD ID:          548  - SUM:    503.515900    
 THREAD ID:           45  - SUM:    505.688385    
 THREAD ID:          281  - SUM:    513.266235    
 THREAD ID:          246  - SUM:    483.445709    
 THREAD ID:           16  - SUM:    511.902527    
 THREAD ID:          182  - SUM:    507.651123    
 THREAD ID:          301  - SUM:    501.432281    
 THREAD ID:          848  - SUM:    493.523621    
 THREAD ID:           18  - SUM:    507.818970    
 THREAD ID:          849  - SUM:    498.436798    
 THREAD ID:          395  - SUM:    476.234039    
 THREAD ID:          958  - SUM:    495.251465    
 THREAD ID:          689  - SUM:    503.321777    
 THREAD ID:          183  - SUM:    496.163544    
 THREAD ID:          436  - SUM:    510.936371    
 THREAD ID:          129  - SUM:    505.730011    
 THREAD ID:          816  - SUM:    513.852844    
 THREAD ID:          934  - SUM:    491.947266    
 THREAD ID:          193  - SUM:    499.751831    
 THREAD ID:          932  - SUM:    507.634247    
 THREAD ID:          360  - SUM:    506.779022    
 THREAD ID:            4  - SUM:    505.650269    
 THREAD ID:           89  - SUM:    491.020142    
 THREAD ID:          805  - SUM:    518.084717    
 THREAD ID:          579  - SUM:    514.561646    
 THREAD ID:          661  - SUM:    502.944275    
 THREAD ID:           88  - SUM:    494.111633    
 THREAD ID:          205  - SUM:    493.811981    
 THREAD ID:          671  - SUM:    494.461121    
 THREAD ID:          953  - SUM:    499.166718    
 THREAD ID:          296  - SUM:    501.532135    
 THREAD ID:          528  - SUM:    506.588501    
 THREAD ID:          834  - SUM:    507.233582    
 THREAD ID:          675  - SUM:    493.231354    
 THREAD ID:          807  - SUM:    512.990479    
 THREAD ID:          650  - SUM:    498.398895    
 THREAD ID:          599  - SUM:    511.062531    
 THREAD ID:          325  - SUM:    506.450043    
 THREAD ID:          726  - SUM:    507.667969    
 THREAD ID:          229  - SUM:    496.897430    
 THREAD ID:          962  - SUM:    498.708862    
 THREAD ID:           58  - SUM:    497.147217    
 THREAD ID:          657  - SUM:    510.109528    
 THREAD ID:          244  - SUM:    509.153259    
 THREAD ID:          128  - SUM:    504.172028    
 THREAD ID:          262  - SUM:    503.135040    
 THREAD ID:          776  - SUM:    491.922180    
 THREAD ID:          620  - SUM:    500.451721    
 THREAD ID:          864  - SUM:    489.938324    
 THREAD ID:          539  - SUM:    484.030121    
 THREAD ID:          686  - SUM:    502.980682    
 THREAD ID:         1001  - SUM:    498.459473    
 THREAD ID:          353  - SUM:    510.078369    
 THREAD ID:          177  - SUM:    511.910828    
 THREAD ID:          936  - SUM:    500.125092    
 THREAD ID:          811  - SUM:    495.847168    
 THREAD ID:          593  - SUM:    488.170044    
 THREAD ID:          203  - SUM:    502.557861    
 THREAD ID:          769  - SUM:    517.014282    
 THREAD ID:          526  - SUM:    502.081451    
 THREAD ID:           71  - SUM:    500.648193    
 THREAD ID:          322  - SUM:    500.521912    
 THREAD ID:          638  - SUM:    507.234924    
 THREAD ID:          276  - SUM:    495.994659    
 THREAD ID:          197  - SUM:    515.652222    
 THREAD ID:          972  - SUM:    493.700714    
 THREAD ID:          130  - SUM:    481.591125    
 THREAD ID:          380  - SUM:    514.976929    
 THREAD ID:         1000  - SUM:    508.120148    
 THREAD ID:          258  - SUM:    509.689148    
 THREAD ID:          252  - SUM:    498.739105    
 THREAD ID:          497  - SUM:    509.956177    
 THREAD ID:          389  - SUM:    497.101776    
 THREAD ID:          869  - SUM:    505.337555    
 THREAD ID:           46  - SUM:    493.450287    
 THREAD ID:          545  - SUM:    488.112274    
 THREAD ID:          709  - SUM:    502.191528    
 THREAD ID:          547  - SUM:    497.896667    
 THREAD ID:          334  - SUM:    484.091064    
 THREAD ID:          885  - SUM:    484.991394    
 THREAD ID:          826  - SUM:    501.998749    
 THREAD ID:          124  - SUM:    480.557037    
 THREAD ID:          920  - SUM:    499.651733    
 THREAD ID:          243  - SUM:    504.253754    
 THREAD ID:          730  - SUM:    502.903473    
 THREAD ID:          204  - SUM:    508.001923    
 THREAD ID:          517  - SUM:    500.445770    
 THREAD ID:          825  - SUM:    503.713776    
 THREAD ID:          231  - SUM:    491.650360    
 THREAD ID:          442  - SUM:    508.426880    
 THREAD ID:          174  - SUM:    486.066406    
 THREAD ID:          605  - SUM:    506.207947    
 THREAD ID:          158  - SUM:    496.462219    
 THREAD ID:          313  - SUM:    502.428589    
 THREAD ID:          773  - SUM:    498.764282    
 THREAD ID:          717  - SUM:    494.372192    
 THREAD ID:          434  - SUM:    497.696686    
 THREAD ID:          965  - SUM:    508.149506    
 THREAD ID:          623  - SUM:    494.550629    
 THREAD ID:          626  - SUM:    493.284760    
 THREAD ID:           74  - SUM:    498.358307    
 THREAD ID:          783  - SUM:    507.349243    
 THREAD ID:          493  - SUM:    510.237122    
 THREAD ID:           14  - SUM:    489.881836    
 THREAD ID:          921  - SUM:    501.645233    
 THREAD ID:          969  - SUM:    502.382324    
 THREAD ID:          600  - SUM:    503.606598    
 THREAD ID:           76  - SUM:    508.011780    
 THREAD ID:          982  - SUM:    512.296387    
 THREAD ID:          168  - SUM:    498.593231    
 THREAD ID:          305  - SUM:    492.419342    
 THREAD ID:          731  - SUM:    490.415039    
 THREAD ID:          595  - SUM:    496.172852    
 THREAD ID:          531  - SUM:    514.265869    
 THREAD ID:          743  - SUM:    508.871460    
 THREAD ID:          688  - SUM:    503.311493    
 THREAD ID:          288  - SUM:    487.683624    
 THREAD ID:          738  - SUM:    504.224243    
 THREAD ID:          210  - SUM:    510.938629    
 THREAD ID:          255  - SUM:    504.492340    
 THREAD ID:          621  - SUM:    489.508972    
 THREAD ID:          978  - SUM:    497.089111    
 THREAD ID:          868  - SUM:    486.178772    
 THREAD ID:          416  - SUM:    519.575134    
 THREAD ID:          557  - SUM:    489.532135    
 THREAD ID:          143  - SUM:    500.873993    
 THREAD ID:          388  - SUM:    498.325684    
 THREAD ID:          521  - SUM:    488.266022    
 THREAD ID:           92  - SUM:    504.098907    
 THREAD ID:          719  - SUM:    512.470276    
 THREAD ID:          248  - SUM:    509.103790    
 THREAD ID:          784  - SUM:    499.395752    
 THREAD ID:          516  - SUM:    469.578979    
 THREAD ID:          986  - SUM:    505.582336    
 THREAD ID:          187  - SUM:    505.819092    
 THREAD ID:          195  - SUM:    509.665710    
 THREAD ID:           68  - SUM:    483.319061    
 THREAD ID:          285  - SUM:    502.272095    
 THREAD ID:          887  - SUM:    487.001434    
 THREAD ID:          799  - SUM:    503.564453    
 THREAD ID:         1010  - SUM:    518.233093    
 THREAD ID:           87  - SUM:    499.060211    
 THREAD ID:          466  - SUM:    494.985474    
 THREAD ID:          837  - SUM:    506.010681    
 THREAD ID:          196  - SUM:    507.225525    
 THREAD ID:          734  - SUM:    493.138214    
 THREAD ID:          762  - SUM:    487.682159    
 THREAD ID:          117  - SUM:    488.065186    
 THREAD ID:          221  - SUM:    495.073517    
 THREAD ID:          741  - SUM:    492.710297    
 THREAD ID:          390  - SUM:    528.404602    
 THREAD ID:          310  - SUM:    513.290894    
 THREAD ID:          684  - SUM:    490.383362    
 THREAD ID:          254  - SUM:    502.193817    
 THREAD ID:           21  - SUM:    496.622681    
 THREAD ID:          341  - SUM:    508.478821    
 THREAD ID:          607  - SUM:    500.070129    
 THREAD ID:          333  - SUM:    502.294464    
 THREAD ID:          175  - SUM:    499.751190    
 THREAD ID:          121  - SUM:    518.442871    
 THREAD ID:          410  - SUM:    494.267395    
 THREAD ID:          720  - SUM:    508.220276    
 THREAD ID:           86  - SUM:    509.060364    
 THREAD ID:          161  - SUM:    499.101166    
 THREAD ID:          308  - SUM:    501.159973    
 THREAD ID:          138  - SUM:    487.394226    
 THREAD ID:          351  - SUM:    496.455963    
 THREAD ID:          149  - SUM:    476.010834    
 THREAD ID:           55  - SUM:    503.781403    
 THREAD ID:          525  - SUM:    504.496704    
 THREAD ID:          408  - SUM:    489.750763    
 THREAD ID:          359  - SUM:    504.247894    
 THREAD ID:          483  - SUM:    498.694244    
 THREAD ID:          630  - SUM:    497.359100    
 THREAD ID:          703  - SUM:    493.875763    
 THREAD ID:          830  - SUM:    499.595734    
 THREAD ID:          502  - SUM:    501.348541    
 THREAD ID:          376  - SUM:    506.216370    
 THREAD ID:          839  - SUM:    492.756226    
 THREAD ID:          883  - SUM:    492.421936    
 THREAD ID:          764  - SUM:    494.645874    
 THREAD ID:          107  - SUM:    506.684204    
 THREAD ID:          261  - SUM:    517.198730    
 THREAD ID:          430  - SUM:    486.496033    
 THREAD ID:          646  - SUM:    495.338440    
 THREAD ID:          576  - SUM:    509.587769    
 THREAD ID:          219  - SUM:    501.422516    
 THREAD ID:           54  - SUM:    489.217285    
 THREAD ID:          427  - SUM:    492.064301    
 THREAD ID:          580  - SUM:    506.727386    
 THREAD ID:          274  - SUM:    509.742523    
 THREAD ID:          238  - SUM:    504.149963    
 THREAD ID:          239  - SUM:    487.980438    
 THREAD ID:          550  - SUM:    487.755463    
 THREAD ID:          735  - SUM:    491.808838    
 THREAD ID:          385  - SUM:    480.317261    
 THREAD ID:          759  - SUM:    499.336975    
 THREAD ID:          304  - SUM:    506.542145    
 THREAD ID:          636  - SUM:    495.837067    
 THREAD ID:          655  - SUM:    496.319763    
 THREAD ID:          844  - SUM:    501.960632    
 THREAD ID:          503  - SUM:    494.885864    
 THREAD ID:          640  - SUM:    500.758728    
 THREAD ID:          981  - SUM:    493.433411    
 THREAD ID:          100  - SUM:    503.364349    
 THREAD ID:          330  - SUM:    483.044769    
 THREAD ID:          225  - SUM:    504.880341    
 THREAD ID:          236  - SUM:    497.664917    
 THREAD ID:          894  - SUM:    491.924713    
 THREAD ID:          260  - SUM:    493.036194    
 THREAD ID:          561  - SUM:    510.630524    
 THREAD ID:          956  - SUM:    480.270081    
 THREAD ID:          202  - SUM:    506.211731    
 THREAD ID:          291  - SUM:    502.978027    
 THREAD ID:          148  - SUM:    497.568024    
 THREAD ID:          678  - SUM:    505.437347    
 THREAD ID:          271  - SUM:    509.336273    
 THREAD ID:          587  - SUM:    507.103394    
 THREAD ID:          994  - SUM:    506.834045    
 THREAD ID:           32  - SUM:    517.677795    
 THREAD ID:          564  - SUM:    487.002411    
 THREAD ID:          653  - SUM:    492.627319    
 THREAD ID:          723  - SUM:    501.192535    
 THREAD ID:          552  - SUM:    509.344727    
 THREAD ID:          886  - SUM:    483.186676    
 THREAD ID:          216  - SUM:    496.490936    
 THREAD ID:          966  - SUM:    515.891113    
 THREAD ID:           12  - SUM:    504.799377    
 THREAD ID:          263  - SUM:    500.984283    
 THREAD ID:          604  - SUM:    516.816101    
 THREAD ID:          739  - SUM:    490.933716    
 THREAD ID:          863  - SUM:    500.060822    
 THREAD ID:          770  - SUM:    497.346741    
 THREAD ID:          397  - SUM:    478.761414    
 THREAD ID:          396  - SUM:    506.062653    
 THREAD ID:         1004  - SUM:    489.966003    
 THREAD ID:         1020  - SUM:    513.765747    
 THREAD ID:          870  - SUM:    493.375580    
 THREAD ID:           99  - SUM:    501.397705    
 THREAD ID:          752  - SUM:    503.072632    
 THREAD ID:          551  - SUM:    479.393311    
 THREAD ID:          510  - SUM:    511.881409    
 THREAD ID:          299  - SUM:    482.694946    
 THREAD ID:          273  - SUM:    506.934387    
 THREAD ID:          845  - SUM:    497.578339    
 THREAD ID:          446  - SUM:    494.424347    
 THREAD ID:          355  - SUM:    509.378998    
 THREAD ID:          141  - SUM:    499.573059    
 THREAD ID:          105  - SUM:    490.125244    
 THREAD ID:          566  - SUM:    501.465912    
 THREAD ID:          642  - SUM:    499.427643    
 THREAD ID:          569  - SUM:    486.825317    
 THREAD ID:          127  - SUM:    491.919037    
 THREAD ID:          585  - SUM:    496.451935    
 THREAD ID:          831  - SUM:    488.592224    
 THREAD ID:          431  - SUM:    500.417999    
 THREAD ID:          614  - SUM:    516.438293    
 THREAD ID:          562  - SUM:    512.222595    
 THREAD ID:          329  - SUM:    506.436707    
 THREAD ID:          610  - SUM:    507.671509    
 THREAD ID:          744  - SUM:    488.108429    
 THREAD ID:           34  - SUM:    482.340302    
 THREAD ID:           77  - SUM:    501.748291    
 THREAD ID:          476  - SUM:    503.954681    
 THREAD ID:          698  - SUM:    507.324097    
 THREAD ID:          513  - SUM:    505.035095    
 THREAD ID:          667  - SUM:    494.198547    
 THREAD ID:          189  - SUM:    479.471161    
 THREAD ID:          682  - SUM:    507.790131    
 THREAD ID:          765  - SUM:    500.813690    
 THREAD ID:          245  - SUM:    488.568939    
 THREAD ID:          559  - SUM:    489.881226    
 THREAD ID:           83  - SUM:    509.714783    
 THREAD ID:           52  - SUM:    501.470398    
 THREAD ID:          418  - SUM:    490.605988    
 THREAD ID:          343  - SUM:    503.178375    
 THREAD ID:          292  - SUM:    515.512756    
 THREAD ID:          779  - SUM:    501.382355    
 THREAD ID:          126  - SUM:    486.954926    
 THREAD ID:          874  - SUM:    495.276367    
 THREAD ID:          823  - SUM:    511.886719    
 THREAD ID:          603  - SUM:    500.462524    
 THREAD ID:          294  - SUM:    526.744202    
 THREAD ID:          321  - SUM:    484.183472    
 THREAD ID:          867  - SUM:    503.938904    
 THREAD ID:          792  - SUM:    496.173370    
 THREAD ID:            9  - SUM:    487.322449    
 THREAD ID:         1009  - SUM:    485.365692    
 THREAD ID:          742  - SUM:    505.707397    
 THREAD ID:          949  - SUM:    494.241730    
 THREAD ID:          797  - SUM:    494.550201    
 THREAD ID:          132  - SUM:    498.666199    
 THREAD ID:          820  - SUM:    491.538666    
 THREAD ID:          808  - SUM:    498.127380    
 THREAD ID:           75  - SUM:    501.323059    
 THREAD ID:          891  - SUM:    479.196472    
 THREAD ID:          309  - SUM:    510.329315    
 THREAD ID:          365  - SUM:    492.185669    
 THREAD ID:          272  - SUM:    507.638763    
 THREAD ID:          102  - SUM:    518.614380    
 THREAD ID:           38  - SUM:    491.511566    
 THREAD ID:          465  - SUM:    485.700836    
 THREAD ID:          460  - SUM:    499.195251    
 THREAD ID:          814  - SUM:    491.205963    
 THREAD ID:          375  - SUM:    501.611023    
 THREAD ID:          860  - SUM:    501.795563    
 THREAD ID:          247  - SUM:    502.230927    
 THREAD ID:           73  - SUM:    510.271576    
 THREAD ID:           50  - SUM:    499.616455    
 THREAD ID:          373  - SUM:    505.085358    
 THREAD ID:           43  - SUM:    506.649231    
 THREAD ID:          533  - SUM:    501.466125    
 THREAD ID:          433  - SUM:    502.730865    
 THREAD ID:          954  - SUM:    494.754181    
 THREAD ID:          487  - SUM:    498.318634    
 THREAD ID:          927  - SUM:    494.048340    
 THREAD ID:          379  - SUM:    507.801147    
 THREAD ID:          453  - SUM:    484.877289    
 THREAD ID:           69  - SUM:    501.064789    
 THREAD ID:            2  - SUM:    491.731689    
 THREAD ID:           61  - SUM:    507.326813    
 THREAD ID:          649  - SUM:    517.896729    
 THREAD ID:          796  - SUM:    497.104645    
 THREAD ID:          481  - SUM:    506.776825    
 THREAD ID:          601  - SUM:    500.364349    
 THREAD ID:          890  - SUM:    511.489777    
 THREAD ID:          980  - SUM:    493.055481    
 THREAD ID:           27  - SUM:    493.212799    
 THREAD ID:          435  - SUM:    484.292389    
 THREAD ID:          398  - SUM:    496.252319    
 THREAD ID:          881  - SUM:    509.285461    
 THREAD ID:           90  - SUM:    498.453186    
 THREAD ID:          975  - SUM:    490.115326    
 THREAD ID:          156  - SUM:    504.737000    
 THREAD ID:          836  - SUM:    515.216919    
 THREAD ID:          178  - SUM:    507.749451    
 THREAD ID:          437  - SUM:    503.844452    
 THREAD ID:          452  - SUM:    522.265259    
 THREAD ID:          991  - SUM:    497.708313    
 THREAD ID:          166  - SUM:    503.260193    
 THREAD ID:          683  - SUM:    496.298035    
 THREAD ID:          681  - SUM:    512.136841    
 THREAD ID:          565  - SUM:    486.787079    
 THREAD ID:           91  - SUM:    498.093079    
 THREAD ID:          538  - SUM:    495.384949    
 THREAD ID:          768  - SUM:    497.241302    
 THREAD ID:         1019  - SUM:    517.709045    
 THREAD ID:          194  - SUM:    495.031982    
 THREAD ID:          344  - SUM:    485.799011    
 THREAD ID:          230  - SUM:    500.718689    
 THREAD ID:          482  - SUM:    490.629425    
 THREAD ID:          571  - SUM:    499.387726    
 THREAD ID:          514  - SUM:    501.483459    
 THREAD ID:         1021  - SUM:    500.297577    
 THREAD ID:          567  - SUM:    502.422760    
 THREAD ID:          598  - SUM:    509.871338    
 THREAD ID:          847  - SUM:    489.650360    
 THREAD ID:          406  - SUM:    483.082458    
 THREAD ID:          996  - SUM:    494.183197    
 THREAD ID:          930  - SUM:    499.186035    
 THREAD ID:          778  - SUM:    501.877838    
 THREAD ID:          478  - SUM:    500.733643    
 THREAD ID:          311  - SUM:    491.260284    
 THREAD ID:           47  - SUM:    511.078888    
 THREAD ID:          206  - SUM:    497.851837    
 THREAD ID:          968  - SUM:    505.989685    
 THREAD ID:          963  - SUM:    511.851715    
 THREAD ID:          753  - SUM:    485.964661    
 THREAD ID:          251  - SUM:    508.034332    
 THREAD ID:          235  - SUM:    492.094452    
 THREAD ID:          173  - SUM:    493.155731    
 THREAD ID:          507  - SUM:    501.973480    
 THREAD ID:          315  - SUM:    478.487427    
 THREAD ID:          824  - SUM:    494.262451    
 THREAD ID:          833  - SUM:    502.307098    
 THREAD ID:          335  - SUM:    499.818756    
 THREAD ID:          314  - SUM:    504.915619    
 THREAD ID:          961  - SUM:    495.511078    
 THREAD ID:          583  - SUM:    496.235321    
 THREAD ID:           72  - SUM:    496.318909    
 THREAD ID:          945  - SUM:    498.694000    
 THREAD ID:          323  - SUM:    508.406158    
 THREAD ID:          699  - SUM:    506.855164    
 THREAD ID:           59  - SUM:    500.268127    
 THREAD ID:          522  - SUM:    502.198395    
 THREAD ID:          393  - SUM:    499.521515    
 THREAD ID:          747  - SUM:    490.120667    
 THREAD ID:          750  - SUM:    509.272461    
 THREAD ID:           20  - SUM:    497.926453    
 THREAD ID:          838  - SUM:    509.164429    
 THREAD ID:          645  - SUM:    498.636780    
 THREAD ID:          543  - SUM:    493.899109    
 THREAD ID:          818  - SUM:    504.759949    
 THREAD ID:          851  - SUM:    509.198914    
 THREAD ID:          419  - SUM:    501.198242    
 THREAD ID:          443  - SUM:    480.521942    
 THREAD ID:          751  - SUM:    503.826569    
 THREAD ID:          749  - SUM:    506.821869    
 THREAD ID:          941  - SUM:    491.319061    
 THREAD ID:          473  - SUM:    502.590881    
 THREAD ID:          754  - SUM:    498.898315    
 THREAD ID:          942  - SUM:    499.996002    
 THREAD ID:          108  - SUM:    509.862030    
 THREAD ID:          716  - SUM:    513.877441    
 THREAD ID:          290  - SUM:    487.252411    
 THREAD ID:          461  - SUM:    498.042816    
 THREAD ID:          242  - SUM:    507.370850    
 THREAD ID:          241  - SUM:    495.163116    
 THREAD ID:          654  - SUM:    496.777466    
 THREAD ID:          384  - SUM:    515.493774    
 THREAD ID:          122  - SUM:    498.076965    
 THREAD ID:          440  - SUM:    518.332153    
 THREAD ID:          164  - SUM:    498.692474    
 THREAD ID:          707  - SUM:    495.694275    
 THREAD ID:          209  - SUM:    493.986908    
 THREAD ID:          509  - SUM:    491.212708    
 THREAD ID:          505  - SUM:    493.355835    
 THREAD ID:          832  - SUM:    511.260925    
 THREAD ID:          652  - SUM:    516.824463    
 THREAD ID:          332  - SUM:    507.138947    
 THREAD ID:          120  - SUM:    500.539795    
 THREAD ID:          637  - SUM:    500.076355    
 THREAD ID:          609  - SUM:    511.883240    
 THREAD ID:          217  - SUM:    491.514709    
 THREAD ID:          602  - SUM:    497.030365    
 THREAD ID:          338  - SUM:    495.666840    
 THREAD ID:          909  - SUM:    507.078583    
 THREAD ID:          865  - SUM:    487.237183    
 THREAD ID:          455  - SUM:    492.879486    
 THREAD ID:          780  - SUM:    505.036469    
 THREAD ID:          633  - SUM:    490.833923    
 THREAD ID:          695  - SUM:    500.265686    
 THREAD ID:          801  - SUM:    495.253204    
 THREAD ID:          861  - SUM:    486.167725    
 THREAD ID:          134  - SUM:    500.487305    
 THREAD ID:          947  - SUM:    513.436890    
 THREAD ID:          856  - SUM:    506.712677    
 THREAD ID:          983  - SUM:    499.487640    
 THREAD ID:          382  - SUM:    495.422302    
 THREAD ID:          616  - SUM:    506.037659    
 THREAD ID:          361  - SUM:    502.898560    
 THREAD ID:          984  - SUM:    502.878387    
 THREAD ID:          374  - SUM:    509.342926    
 THREAD ID:          663  - SUM:    496.171234    
 THREAD ID:          722  - SUM:    503.043030    
 THREAD ID:          257  - SUM:    512.569580    
 THREAD ID:          882  - SUM:    511.521362    
 THREAD ID:          627  - SUM:    495.613159    
 THREAD ID:          748  - SUM:    498.851746    
 THREAD ID:          696  - SUM:    484.626556    
 THREAD ID:          789  - SUM:    487.171021    
 THREAD ID:          537  - SUM:    488.474640    
 THREAD ID:          612  - SUM:    502.932587    
 THREAD ID:          181  - SUM:    489.014648    
 THREAD ID:          366  - SUM:    506.321960    
 THREAD ID:           82  - SUM:    506.857666    
 THREAD ID:          439  - SUM:    476.479980    
 THREAD ID:          494  - SUM:    510.639679    
 THREAD ID:          342  - SUM:    508.690155    
 THREAD ID:          572  - SUM:    500.737549    
 THREAD ID:          951  - SUM:    500.103668    
 THREAD ID:          976  - SUM:    503.990265    
 THREAD ID:          370  - SUM:    506.563385    
 THREAD ID:          977  - SUM:    495.539734    
 THREAD ID:          822  - SUM:    490.894440    
 THREAD ID:          278  - SUM:    508.119598    
 THREAD ID:          445  - SUM:    486.842377    
 THREAD ID:           60  - SUM:    500.764496    
 THREAD ID:          544  - SUM:    506.621582    
 THREAD ID:          270  - SUM:    484.445099    
 THREAD ID:          643  - SUM:    494.012085    
 THREAD ID:          302  - SUM:    499.892822    
 THREAD ID:          316  - SUM:    505.447052    
 THREAD ID:          782  - SUM:    492.853088    
 THREAD ID:          979  - SUM:    506.638702    
 THREAD ID:          625  - SUM:    504.107452    
 THREAD ID:          679  - SUM:    503.064941    
 THREAD ID:          581  - SUM:    487.462006    
 THREAD ID:          282  - SUM:    499.725800    
 THREAD ID:          199  - SUM:    504.732605    
 THREAD ID:          946  - SUM:    479.682343    
 THREAD ID:          715  - SUM:    518.659668    
 THREAD ID:            5  - SUM:    507.113220    
 THREAD ID:          111  - SUM:    495.973999    
 THREAD ID:          582  - SUM:    512.752747    
 THREAD ID:          859  - SUM:    505.529907    
 THREAD ID:          484  - SUM:    503.381714    
 THREAD ID:          733  - SUM:    492.861847    
 THREAD ID:          475  - SUM:    489.417908    
 THREAD ID:          233  - SUM:    507.774170    
 THREAD ID:          794  - SUM:    499.924957    
 THREAD ID:          878  - SUM:    494.924500    
 THREAD ID:          399  - SUM:    509.759796    
 THREAD ID:          817  - SUM:    528.685364    
 THREAD ID:          363  - SUM:    488.605804    
 THREAD ID:          490  - SUM:    497.932831    
 THREAD ID:          775  - SUM:    498.771851    
 THREAD ID:          447  - SUM:    481.649811    
 THREAD ID:          893  - SUM:    506.301758    
 THREAD ID:          674  - SUM:    487.247711    
 THREAD ID:          584  - SUM:    513.311157    
 THREAD ID:          504  - SUM:    503.662842    
 THREAD ID:          613  - SUM:    507.383270    
 THREAD ID:          841  - SUM:    503.483032    
 THREAD ID:          757  - SUM:    499.278076    
 THREAD ID:          718  - SUM:    490.594696    
 THREAD ID:          907  - SUM:    513.088745    
 THREAD ID:          131  - SUM:    514.764099    
 THREAD ID:          286  - SUM:    499.282471    
 THREAD ID:          632  - SUM:    501.006165    
 THREAD ID:          853  - SUM:    497.865479    
 THREAD ID:          795  - SUM:    506.540588    
 THREAD ID:          266  - SUM:    504.570007    
 THREAD ID:           39  - SUM:    507.869904    
 THREAD ID:          145  - SUM:    497.337128    
 THREAD ID:          659  - SUM:    499.034363    
 THREAD ID:          866  - SUM:    487.651001    
 THREAD ID:          280  - SUM:    516.305115    
 THREAD ID:          283  - SUM:    500.761353    
 THREAD ID:          488  - SUM:    496.626526    
 THREAD ID:          791  - SUM:    515.918640    
 THREAD ID:          159  - SUM:    506.368652    
 THREAD ID:          142  - SUM:    510.054840    
 THREAD ID:          508  - SUM:    493.308533    
 THREAD ID:          570  - SUM:    491.380646    
 THREAD ID:          480  - SUM:    495.517395    
 THREAD ID:          798  - SUM:    500.726013    
 THREAD ID:          586  - SUM:    493.270538    
 THREAD ID:          234  - SUM:    504.607513    
 THREAD ID:          889  - SUM:    498.936340    
 THREAD ID:          357  - SUM:    487.518097    
 THREAD ID:          815  - SUM:    498.433777    
 THREAD ID:         1011  - SUM:    501.302643    
 THREAD ID:          843  - SUM:    478.807465    
 THREAD ID:          424  - SUM:    511.329712    
 THREAD ID:         1017  - SUM:    499.419006    
 THREAD ID:          693  - SUM:    491.988129    
 THREAD ID:          756  - SUM:    495.760956    
 THREAD ID:          810  - SUM:    485.973511    
 THREAD ID:          163  - SUM:    507.338959    
 THREAD ID:          706  - SUM:    483.376373    
 THREAD ID:          574  - SUM:    498.803802    
 THREAD ID:          955  - SUM:    510.195343    
 THREAD ID:           98  - SUM:    496.614471    
 THREAD ID:          268  - SUM:    483.890076    
 THREAD ID:          267  - SUM:    484.465881    
 THREAD ID:          804  - SUM:    499.278717    
 THREAD ID:          103  - SUM:    505.455231    
 THREAD ID:          897  - SUM:    476.142181    
 THREAD ID:           49  - SUM:    494.748413    
 THREAD ID:          926  - SUM:    492.543060    
 THREAD ID:         1015  - SUM:    503.129333    
 THREAD ID:          973  - SUM:    504.217163    
 THREAD ID:          904  - SUM:    505.181488    
 THREAD ID:          499  - SUM:    498.161072    
 THREAD ID:          615  - SUM:    499.048645    
 THREAD ID:          900  - SUM:    494.340118    
 THREAD ID:          110  - SUM:    504.827271    
 THREAD ID:          912  - SUM:    518.206543    
 THREAD ID:          925  - SUM:    496.034271    
 THREAD ID:          428  - SUM:    503.541718    
 THREAD ID:          763  - SUM:    507.986786    
 THREAD ID:          191  - SUM:    487.324158    
 THREAD ID:          905  - SUM:    499.526337    
 THREAD ID:          592  - SUM:    513.110413    
 THREAD ID:          746  - SUM:    480.453674    
 THREAD ID:          639  - SUM:    496.210236    
 THREAD ID:          895  - SUM:    510.973572    
 THREAD ID:          349  - SUM:    495.534821    
 THREAD ID:          918  - SUM:    488.595490    
 THREAD ID:          227  - SUM:    511.683289    
 THREAD ID:          913  - SUM:    494.342102    
 THREAD ID:          101  - SUM:    503.778381    
 THREAD ID:          468  - SUM:    511.916931    
 THREAD ID:          289  - SUM:    487.444122    
 THREAD ID:          515  - SUM:    509.458557    
 THREAD ID:          711  - SUM:    507.150055    
 THREAD ID:          729  - SUM:    504.980255    
 THREAD ID:          421  - SUM:    509.144470    
 THREAD ID:          662  - SUM:    496.924500    
 THREAD ID:           10  - SUM:    501.017426    
 THREAD ID:          415  - SUM:    501.750183    
 THREAD ID:          207  - SUM:    498.331268    
 THREAD ID:          712  - SUM:    503.902954    
 THREAD ID:          155  - SUM:    488.249359    
 THREAD ID:          577  - SUM:    501.770599    
 THREAD ID:          957  - SUM:    508.225189    
 THREAD ID:          511  - SUM:    499.867981    
 THREAD ID:          928  - SUM:    510.311127    
 THREAD ID:          990  - SUM:    502.770630    
 THREAD ID:          331  - SUM:    514.537720    
 THREAD ID:          940  - SUM:    508.014465    
 THREAD ID:          766  - SUM:    488.581635    
 THREAD ID:          364  - SUM:    497.475983    
 THREAD ID:          536  - SUM:    494.456451    
 THREAD ID:          705  - SUM:    510.822327    
 THREAD ID:          458  - SUM:    503.324493    
 THREAD ID:          879  - SUM:    497.040985    
 THREAD ID:          113  - SUM:    491.363403    
 THREAD ID:         1023  - SUM:    502.877289    
 THREAD ID:          992  - SUM:    491.331390    
 THREAD ID:          133  - SUM:    485.510498    
 THREAD ID:          666  - SUM:    487.180206    
 THREAD ID:           84  - SUM:    501.203125    
 THREAD ID:          491  - SUM:    507.345337    
 THREAD ID:          400  - SUM:    506.147339    
 THREAD ID:          692  - SUM:    496.578857    
 THREAD ID:          929  - SUM:    496.053650    
 THREAD ID:          414  - SUM:    517.657166    
 THREAD ID:           11  - SUM:    496.451263    
 THREAD ID:          417  - SUM:    501.353333    
 THREAD ID:          549  - SUM:    504.688873    
 THREAD ID:          381  - SUM:    503.763428    
 THREAD ID:           33  - SUM:    507.908600    
 THREAD ID:          876  - SUM:    497.165222    
 THREAD ID:          519  - SUM:    504.998840    
 THREAD ID:          725  - SUM:    483.210938    
 THREAD ID:          828  - SUM:    502.100586    
 THREAD ID:          846  - SUM:    492.662323    
 THREAD ID:          819  - SUM:    491.179382    
 THREAD ID:         1005  - SUM:    504.758820    
 THREAD ID:          407  - SUM:    506.031921    
 THREAD ID:          327  - SUM:    488.174530    
 THREAD ID:          104  - SUM:    504.379913    
 THREAD ID:          165  - SUM:    505.330688    
 THREAD ID:          438  - SUM:    512.338928    
 THREAD ID:          463  - SUM:    490.225830    
 THREAD ID:          506  - SUM:    500.595520    
 THREAD ID:         1002  - SUM:    500.203339    
 THREAD ID:          320  - SUM:    501.545197    
 THREAD ID:          704  - SUM:    513.742065    
 THREAD ID:          596  - SUM:    504.573151    
 THREAD ID:          352  - SUM:    483.813782    
 THREAD ID:          451  - SUM:    493.049866    
 THREAD ID:          800  - SUM:    506.459137    
 THREAD ID:          192  - SUM:    503.678680    
 THREAD ID:          306  - SUM:    498.414581    
 THREAD ID:         1003  - SUM:    480.773743    
 THREAD ID:          806  - SUM:    498.989044    
 THREAD ID:          591  - SUM:    499.430115    
 THREAD ID:          184  - SUM:    500.087402    
 THREAD ID:          617  - SUM:    496.129974    
 THREAD ID:          218  - SUM:    487.519775    
 THREAD ID:         1006  - SUM:    505.475220    
 THREAD ID:          702  - SUM:    503.888763    
 THREAD ID:          378  - SUM:    499.988556    
 THREAD ID:          628  - SUM:    499.500916    
 THREAD ID:          560  - SUM:    509.578552    
 THREAD ID:          532  - SUM:    514.999329    
 THREAD ID:          277  - SUM:    521.128845    
 THREAD ID:          989  - SUM:    509.659241    
 THREAD ID:          651  - SUM:    506.066010    
 THREAD ID:          850  - SUM:    494.878418    
 THREAD ID:          167  - SUM:    492.892151    
 THREAD ID:          409  - SUM:    514.184814    
 THREAD ID:          520  - SUM:    497.198883    
 THREAD ID:          307  - SUM:    497.702118    
 THREAD ID:          672  - SUM:    502.823975    
 THREAD ID:          943  - SUM:    505.679230    
 THREAD ID:          459  - SUM:    491.319427    
 THREAD ID:          857  - SUM:    496.367584    
 THREAD ID:          287  - SUM:    507.088928    
 THREAD ID:          713  - SUM:    519.911133    
 THREAD ID:          916  - SUM:    482.135651    
 THREAD ID:          855  - SUM:    497.110321    
 THREAD ID:          618  - SUM:    513.039917    
 THREAD ID:          324  - SUM:    489.990753    
 THREAD ID:          403  - SUM:    506.510529    
 THREAD ID:          369  - SUM:    517.959412    
 THREAD ID:          677  - SUM:    502.726562    
 THREAD ID:          935  - SUM:    501.254547    
 THREAD ID:          222  - SUM:    502.229584    
 THREAD ID:          873  - SUM:    483.761475    
 THREAD ID:          147  - SUM:    509.952148    
 THREAD ID:          340  - SUM:    509.896851    
 THREAD ID:          745  - SUM:    509.644287    
 THREAD ID:          985  - SUM:    491.963623    
 THREAD ID:          232  - SUM:    496.188904    
 THREAD ID:          573  - SUM:    490.933533    
 THREAD ID:          708  - SUM:    489.932129    
 THREAD ID:          112  - SUM:    500.864288    
 THREAD ID:          910  - SUM:    500.222382    
 THREAD ID:          486  - SUM:    480.489319    
 THREAD ID:          402  - SUM:    490.434570    
 THREAD ID:          606  - SUM:    498.734528    
 THREAD ID:          144  - SUM:    498.502716    
 THREAD ID:          772  - SUM:    495.544159    
 THREAD ID:          154  - SUM:    502.084991    
 THREAD ID:          489  - SUM:    491.290253    
 THREAD ID:          740  - SUM:    474.986053    
 THREAD ID:          903  - SUM:    499.990601    
 THREAD ID:           29  - SUM:    504.657928    
 THREAD ID:          264  - SUM:    503.823608    
 THREAD ID:          391  - SUM:    494.698547    
 THREAD ID:          915  - SUM:    486.428741    
 THREAD ID:           70  - SUM:    513.293823    
 THREAD ID:          106  - SUM:    508.283630    
 THREAD ID:          624  - SUM:    502.181305    
 THREAD ID:          835  - SUM:    501.810120    
 THREAD ID:           48  - SUM:    483.172119    
 THREAD ID:          635  - SUM:    492.167725    
 THREAD ID:          153  - SUM:    497.333527    
 THREAD ID:          906  - SUM:    502.143921    
 THREAD ID:          919  - SUM:    481.642181    
 THREAD ID:         1012  - SUM:    500.908447    
 THREAD ID:          454  - SUM:    500.189819    
 THREAD ID:          898  - SUM:    507.240692    
 THREAD ID:          899  - SUM:    502.446136    
 THREAD ID:          902  - SUM:    498.842163    
 THREAD ID:          140  - SUM:    492.046753    
 THREAD ID:          387  - SUM:    504.380615    
 THREAD ID:          394  - SUM:    503.590668    
 THREAD ID:           56  - SUM:    503.902130    
 THREAD ID:          157  - SUM:    499.970337    
 THREAD ID:          901  - SUM:    511.460724    
 THREAD ID:          701  - SUM:    495.871674    
 THREAD ID:          923  - SUM:    491.239899    
 THREAD ID:          908  - SUM:    514.847229    
 THREAD ID:           13  - SUM:    498.841003    
 THREAD ID:          944  - SUM:    502.811584    
 THREAD ID:          449  - SUM:    503.351166    
 THREAD ID:          896  - SUM:    514.232178    
 THREAD ID:            0  - SUM:    500.263885    
 THREAD ID:          710  - SUM:    511.602875    
 THREAD ID:          960  - SUM:    482.535950    
 THREAD ID:          412  - SUM:    514.885315    
